<?xml version="1.0" encoding="UTF-8"?>
<!-- Generated by org.testng.reporters.JUnitReportReporter -->
<testsuite hostname="DESKTOP-2LOCNTC" failures="0" tests="1" name="TestCases.TC05_ChangeCurrency" time="0.780" errors="0" timestamp="2024-06-02T14:44:09 EEST" skipped="0">
  <testcase classname="TestCases.TC05_ChangeCurrency" name="selectCurrency_P" time="0.780"/>
</testsuite> <!-- TestCases.TC05_ChangeCurrency -->
