<?xml version="1.0" encoding="UTF-8"?>
<!-- Generated by org.testng.reporters.JUnitReportReporter -->
<testsuite hostname="DESKTOP-2LOCNTC" failures="0" tests="1" name="TestCases.TC06_Reset_Password" time="0.612" errors="0" timestamp="2024-06-02T14:44:09 EEST" skipped="0">
  <testcase classname="TestCases.TC06_Reset_Password" name="checkPasswordFunction_P" time="0.612"/>
</testsuite> <!-- TestCases.TC06_Reset_Password -->
