<?xml version="1.0" encoding="UTF-8"?>
<!-- Generated by org.testng.reporters.JUnitReportReporter -->
<testsuite hostname="DESKTOP-2LOCNTC" failures="0" tests="1" name="TestCases.TC02_Registration" time="6.692" errors="0" timestamp="2024-06-02T14:44:09 EEST" skipped="0">
  <testcase classname="TestCases.TC02_Registration" name="RegisterNewUserWithValidData_P" time="6.692"/>
</testsuite> <!-- TestCases.TC02_Registration -->
