<?xml version="1.0" encoding="UTF-8"?>
<!-- Generated by org.testng.reporters.JUnitReportReporter -->
<testsuite hostname="DESKTOP-2LOCNTC" failures="0" tests="1" name="TestCases.TC03_SearchFunction" time="2.187" errors="0" timestamp="2024-06-02T14:44:09 EEST" skipped="0">
  <testcase classname="TestCases.TC03_SearchFunction" name="searchFunction_P" time="2.187"/>
</testsuite> <!-- TestCases.TC03_SearchFunction -->
