<?xml version="1.0" encoding="UTF-8"?>
<!-- Generated by org.testng.reporters.JUnitReportReporter -->
<testsuite hostname="DESKTOP-2LOCNTC" failures="0" tests="1" name="TestCases.TC10_CompareList" time="1.448" errors="0" timestamp="2024-06-02T14:44:09 EEST" skipped="0">
  <testcase classname="TestCases.TC10_CompareList" name="AddDifferentProductsToCompareList_P" time="1.448"/>
</testsuite> <!-- TestCases.TC10_CompareList -->
