<?xml version="1.0" encoding="UTF-8"?>
<!-- Generated by org.testng.reporters.JUnitReportReporter -->
<testsuite hostname="DESKTOP-2LOCNTC" failures="0" tests="2" name="TestCases.TC01_Login" time="1.284" errors="0" timestamp="2024-06-02T14:44:09 EEST" skipped="0">
  <testcase classname="TestCases.TC01_Login" name="checkLoginWithValidData_P" time="0.641"/>
  <testcase classname="TestCases.TC01_Login" name="checkLoginWithValidData_P" time="0.643"/>
</testsuite> <!-- TestCases.TC01_Login -->
