<?xml version="1.0" encoding="UTF-8"?>
<!-- Generated by org.testng.reporters.JUnitReportReporter -->
<testsuite hostname="DESKTOP-2LOCNTC" failures="0" tests="1" name="TestCases.TC04_Category" time="1.050" errors="0" timestamp="2024-06-02T14:44:09 EEST" skipped="0">
  <testcase classname="TestCases.TC04_Category" name="chooseRandomCategory_P" time="1.050"/>
</testsuite> <!-- TestCases.TC04_Category -->
